Determining if the pthread_create exist failed with the following output:
Change Dir: /home/nvidia/caffe-build-dvfs/build-new/CMakeFiles/CMakeTmp

Run Build Command:"/usr/bin/make" "cmTC_4ea8d/fast"
/usr/bin/make -f CMakeFiles/cmTC_4ea8d.dir/build.make CMakeFiles/cmTC_4ea8d.dir/build
make[1]: Entering directory '/home/nvidia/caffe-build-dvfs/build-new/CMakeFiles/CMakeTmp'
Building C object CMakeFiles/cmTC_4ea8d.dir/CheckSymbolExists.c.o
/usr/bin/cc     -o CMakeFiles/cmTC_4ea8d.dir/CheckSymbolExists.c.o   -c /home/nvidia/caffe-build-dvfs/build-new/CMakeFiles/CMakeTmp/CheckSymbolExists.c
Linking C executable cmTC_4ea8d
/usr/bin/cmake -E cmake_link_script CMakeFiles/cmTC_4ea8d.dir/link.txt --verbose=1
/usr/bin/cc       CMakeFiles/cmTC_4ea8d.dir/CheckSymbolExists.c.o  -o cmTC_4ea8d -rdynamic 
CMakeFiles/cmTC_4ea8d.dir/CheckSymbolExists.c.o: In function `main':
CheckSymbolExists.c:(.text+0x14): undefined reference to `pthread_create'
CheckSymbolExists.c:(.text+0x18): undefined reference to `pthread_create'
collect2: error: ld returned 1 exit status
CMakeFiles/cmTC_4ea8d.dir/build.make:97: recipe for target 'cmTC_4ea8d' failed
make[1]: *** [cmTC_4ea8d] Error 1
make[1]: Leaving directory '/home/nvidia/caffe-build-dvfs/build-new/CMakeFiles/CMakeTmp'
Makefile:126: recipe for target 'cmTC_4ea8d/fast' failed
make: *** [cmTC_4ea8d/fast] Error 2

File /home/nvidia/caffe-build-dvfs/build-new/CMakeFiles/CMakeTmp/CheckSymbolExists.c:
/* */
#include <pthread.h>

int main(int argc, char** argv)
{
  (void)argv;
#ifndef pthread_create
  return ((int*)(&pthread_create))[argc];
#else
  (void)argc;
  return 0;
#endif
}

Determining if the function pthread_create exists in the pthreads failed with the following output:
Change Dir: /home/nvidia/caffe-build-dvfs/build-new/CMakeFiles/CMakeTmp

Run Build Command:"/usr/bin/make" "cmTC_5a4b4/fast"
/usr/bin/make -f CMakeFiles/cmTC_5a4b4.dir/build.make CMakeFiles/cmTC_5a4b4.dir/build
make[1]: Entering directory '/home/nvidia/caffe-build-dvfs/build-new/CMakeFiles/CMakeTmp'
Building C object CMakeFiles/cmTC_5a4b4.dir/CheckFunctionExists.c.o
/usr/bin/cc    -DCHECK_FUNCTION_EXISTS=pthread_create   -o CMakeFiles/cmTC_5a4b4.dir/CheckFunctionExists.c.o   -c /usr/share/cmake-3.5/Modules/CheckFunctionExists.c
Linking C executable cmTC_5a4b4
/usr/bin/cmake -E cmake_link_script CMakeFiles/cmTC_5a4b4.dir/link.txt --verbose=1
/usr/bin/cc   -DCHECK_FUNCTION_EXISTS=pthread_create    CMakeFiles/cmTC_5a4b4.dir/CheckFunctionExists.c.o  -o cmTC_5a4b4 -rdynamic -lpthreads 
/usr/bin/ld: cannot find -lpthreads
collect2: error: ld returned 1 exit status
CMakeFiles/cmTC_5a4b4.dir/build.make:97: recipe for target 'cmTC_5a4b4' failed
make[1]: *** [cmTC_5a4b4] Error 1
make[1]: Leaving directory '/home/nvidia/caffe-build-dvfs/build-new/CMakeFiles/CMakeTmp'
Makefile:126: recipe for target 'cmTC_5a4b4/fast' failed
make: *** [cmTC_5a4b4/fast] Error 2


